{"/Users/Justin/codefellows/401/gourmet-front/GourmetSwap-frontend/src/action/auth.js": {"path":"/Users/Justin/codefellows/401/gourmet-front/GourmetSwap-frontend/src/action/auth.js","statementMap":{"0":{"start":{"line":4,"column":21},"end":{"line":7,"column":2}},"1":{"start":{"line":4,"column":33},"end":{"line":7,"column":1}},"2":{"start":{"line":9,"column":24},"end":{"line":12,"column":2}},"3":{"start":{"line":9,"column":36},"end":{"line":12,"column":1}},"4":{"start":{"line":14,"column":23},"end":{"line":17,"column":2}},"5":{"start":{"line":14,"column":34},"end":{"line":17,"column":1}},"6":{"start":{"line":19,"column":22},"end":{"line":22,"column":1}},"7":{"start":{"line":20,"column":2},"end":{"line":20,"column":41}},"8":{"start":{"line":21,"column":2},"end":{"line":21,"column":27}},"9":{"start":{"line":24,"column":25},"end":{"line":32,"column":1}},"10":{"start":{"line":24,"column":36},"end":{"line":32,"column":1}},"11":{"start":{"line":25,"column":2},"end":{"line":31,"column":6}},"12":{"start":{"line":28,"column":6},"end":{"line":30,"column":7}},"13":{"start":{"line":29,"column":8},"end":{"line":29,"column":27}},"14":{"start":{"line":35,"column":28},"end":{"line":48,"column":1}},"15":{"start":{"line":35,"column":38},"end":{"line":48,"column":1}},"16":{"start":{"line":36,"column":2},"end":{"line":47,"column":25}},"17":{"start":{"line":40,"column":18},"end":{"line":40,"column":56}},"18":{"start":{"line":41,"column":6},"end":{"line":44,"column":7}},"19":{"start":{"line":42,"column":8},"end":{"line":42,"column":34}},"20":{"start":{"line":43,"column":8},"end":{"line":43,"column":30}},"21":{"start":{"line":45,"column":6},"end":{"line":45,"column":16}},"22":{"start":{"line":50,"column":29},"end":{"line":61,"column":1}},"23":{"start":{"line":50,"column":39},"end":{"line":61,"column":1}},"24":{"start":{"line":51,"column":2},"end":{"line":60,"column":25}},"25":{"start":{"line":55,"column":18},"end":{"line":55,"column":56}},"26":{"start":{"line":56,"column":6},"end":{"line":57,"column":30}},"27":{"start":{"line":57,"column":8},"end":{"line":57,"column":30}},"28":{"start":{"line":58,"column":6},"end":{"line":58,"column":16}}},"fnMap":{"0":{"name":"(anonymous_0)","decl":{"start":{"line":4,"column":21},"end":{"line":4,"column":22}},"loc":{"start":{"line":4,"column":33},"end":{"line":7,"column":1}},"line":4},"1":{"name":"(anonymous_1)","decl":{"start":{"line":9,"column":24},"end":{"line":9,"column":25}},"loc":{"start":{"line":9,"column":36},"end":{"line":12,"column":1}},"line":9},"2":{"name":"(anonymous_2)","decl":{"start":{"line":14,"column":23},"end":{"line":14,"column":24}},"loc":{"start":{"line":14,"column":34},"end":{"line":17,"column":1}},"line":14},"3":{"name":"(anonymous_3)","decl":{"start":{"line":19,"column":22},"end":{"line":19,"column":23}},"loc":{"start":{"line":19,"column":28},"end":{"line":22,"column":1}},"line":19},"4":{"name":"(anonymous_4)","decl":{"start":{"line":24,"column":25},"end":{"line":24,"column":26}},"loc":{"start":{"line":24,"column":36},"end":{"line":32,"column":1}},"line":24},"5":{"name":"(anonymous_5)","decl":{"start":{"line":24,"column":36},"end":{"line":24,"column":37}},"loc":{"start":{"line":24,"column":50},"end":{"line":32,"column":1}},"line":24},"6":{"name":"(anonymous_6)","decl":{"start":{"line":27,"column":10},"end":{"line":27,"column":11}},"loc":{"start":{"line":27,"column":17},"end":{"line":31,"column":5}},"line":27},"7":{"name":"(anonymous_7)","decl":{"start":{"line":35,"column":28},"end":{"line":35,"column":29}},"loc":{"start":{"line":35,"column":38},"end":{"line":48,"column":1}},"line":35},"8":{"name":"(anonymous_8)","decl":{"start":{"line":35,"column":38},"end":{"line":35,"column":39}},"loc":{"start":{"line":35,"column":52},"end":{"line":48,"column":1}},"line":35},"9":{"name":"(anonymous_9)","decl":{"start":{"line":39,"column":10},"end":{"line":39,"column":11}},"loc":{"start":{"line":39,"column":17},"end":{"line":46,"column":5}},"line":39},"10":{"name":"(anonymous_10)","decl":{"start":{"line":50,"column":29},"end":{"line":50,"column":30}},"loc":{"start":{"line":50,"column":39},"end":{"line":61,"column":1}},"line":50},"11":{"name":"(anonymous_11)","decl":{"start":{"line":50,"column":39},"end":{"line":50,"column":40}},"loc":{"start":{"line":50,"column":53},"end":{"line":61,"column":1}},"line":50},"12":{"name":"(anonymous_12)","decl":{"start":{"line":54,"column":10},"end":{"line":54,"column":11}},"loc":{"start":{"line":54,"column":17},"end":{"line":59,"column":5}},"line":54}},"branchMap":{"0":{"loc":{"start":{"line":28,"column":6},"end":{"line":30,"column":7}},"type":"if","locations":[{"start":{"line":28,"column":6},"end":{"line":30,"column":7}},{"start":{"line":28,"column":6},"end":{"line":30,"column":7}}],"line":28},"1":{"loc":{"start":{"line":41,"column":6},"end":{"line":44,"column":7}},"type":"if","locations":[{"start":{"line":41,"column":6},"end":{"line":44,"column":7}},{"start":{"line":41,"column":6},"end":{"line":44,"column":7}}],"line":41},"2":{"loc":{"start":{"line":56,"column":6},"end":{"line":57,"column":30}},"type":"if","locations":[{"start":{"line":56,"column":6},"end":{"line":57,"column":30}},{"start":{"line":56,"column":6},"end":{"line":57,"column":30}}],"line":56}},"s":{"0":1,"1":0,"2":1,"3":0,"4":1,"5":0,"6":1,"7":0,"8":0,"9":1,"10":0,"11":0,"12":0,"13":0,"14":1,"15":0,"16":0,"17":0,"18":0,"19":0,"20":0,"21":0,"22":1,"23":0,"24":0,"25":0,"26":0,"27":0,"28":0},"f":{"0":0,"1":0,"2":0,"3":0,"4":0,"5":0,"6":0,"7":0,"8":0,"9":0,"10":0,"11":0,"12":0},"b":{"0":[0,0],"1":[0,0],"2":[0,0]},"_coverageSchema":"332fd63041d2c1bcb487cc26dd0d5f7d97098a6c","hash":"a56d6c534ed24822368c00052ff15e7c40c5880f"}
,"/Users/Justin/codefellows/401/gourmet-front/GourmetSwap-frontend/src/action/cook-form.js": {"path":"/Users/Justin/codefellows/401/gourmet-front/GourmetSwap-frontend/src/action/cook-form.js","statementMap":{"0":{"start":{"line":4,"column":26},"end":{"line":7,"column":2}},"1":{"start":{"line":4,"column":37},"end":{"line":7,"column":1}},"2":{"start":{"line":9,"column":26},"end":{"line":12,"column":2}},"3":{"start":{"line":9,"column":37},"end":{"line":12,"column":1}},"4":{"start":{"line":14,"column":26},"end":{"line":17,"column":2}},"5":{"start":{"line":14,"column":37},"end":{"line":17,"column":1}},"6":{"start":{"line":19,"column":33},"end":{"line":28,"column":1}},"7":{"start":{"line":19,"column":50},"end":{"line":28,"column":1}},"8":{"start":{"line":20,"column":2},"end":{"line":27,"column":12}},"9":{"start":{"line":24,"column":6},"end":{"line":24,"column":57}},"10":{"start":{"line":25,"column":6},"end":{"line":25,"column":37}}},"fnMap":{"0":{"name":"(anonymous_0)","decl":{"start":{"line":4,"column":26},"end":{"line":4,"column":27}},"loc":{"start":{"line":4,"column":37},"end":{"line":7,"column":1}},"line":4},"1":{"name":"(anonymous_1)","decl":{"start":{"line":9,"column":26},"end":{"line":9,"column":27}},"loc":{"start":{"line":9,"column":37},"end":{"line":12,"column":1}},"line":9},"2":{"name":"(anonymous_2)","decl":{"start":{"line":14,"column":26},"end":{"line":14,"column":27}},"loc":{"start":{"line":14,"column":37},"end":{"line":17,"column":1}},"line":14},"3":{"name":"(anonymous_3)","decl":{"start":{"line":19,"column":33},"end":{"line":19,"column":34}},"loc":{"start":{"line":19,"column":50},"end":{"line":28,"column":1}},"line":19},"4":{"name":"(anonymous_4)","decl":{"start":{"line":19,"column":50},"end":{"line":19,"column":51}},"loc":{"start":{"line":19,"column":74},"end":{"line":28,"column":1}},"line":19},"5":{"name":"(anonymous_5)","decl":{"start":{"line":23,"column":10},"end":{"line":23,"column":11}},"loc":{"start":{"line":23,"column":17},"end":{"line":26,"column":5}},"line":23}},"branchMap":{},"s":{"0":1,"1":0,"2":1,"3":0,"4":1,"5":0,"6":1,"7":0,"8":0,"9":0,"10":0},"f":{"0":0,"1":0,"2":0,"3":0,"4":0,"5":0},"b":{},"_coverageSchema":"332fd63041d2c1bcb487cc26dd0d5f7d97098a6c","hash":"d976c5820e5e87bf270cbebe7e69f8edce642b8b"}
,"/Users/Justin/codefellows/401/gourmet-front/GourmetSwap-frontend/src/action/meal.js": {"path":"/Users/Justin/codefellows/401/gourmet-front/GourmetSwap-frontend/src/action/meal.js","statementMap":{"0":{"start":{"line":3,"column":26},"end":{"line":6,"column":2}},"1":{"start":{"line":3,"column":37},"end":{"line":6,"column":1}},"2":{"start":{"line":8,"column":26},"end":{"line":11,"column":2}},"3":{"start":{"line":8,"column":37},"end":{"line":11,"column":1}},"4":{"start":{"line":13,"column":26},"end":{"line":16,"column":2}},"5":{"start":{"line":13,"column":37},"end":{"line":16,"column":1}},"6":{"start":{"line":18,"column":33},"end":{"line":27,"column":1}},"7":{"start":{"line":18,"column":43},"end":{"line":27,"column":1}},"8":{"start":{"line":19,"column":15},"end":{"line":19,"column":25}},"9":{"start":{"line":20,"column":2},"end":{"line":26,"column":6}},"10":{"start":{"line":23,"column":6},"end":{"line":23,"column":36}},"11":{"start":{"line":24,"column":6},"end":{"line":24,"column":50}},"12":{"start":{"line":25,"column":6},"end":{"line":25,"column":16}}},"fnMap":{"0":{"name":"(anonymous_0)","decl":{"start":{"line":3,"column":26},"end":{"line":3,"column":27}},"loc":{"start":{"line":3,"column":37},"end":{"line":6,"column":1}},"line":3},"1":{"name":"(anonymous_1)","decl":{"start":{"line":8,"column":26},"end":{"line":8,"column":27}},"loc":{"start":{"line":8,"column":37},"end":{"line":11,"column":1}},"line":8},"2":{"name":"(anonymous_2)","decl":{"start":{"line":13,"column":26},"end":{"line":13,"column":27}},"loc":{"start":{"line":13,"column":37},"end":{"line":16,"column":1}},"line":13},"3":{"name":"(anonymous_3)","decl":{"start":{"line":18,"column":33},"end":{"line":18,"column":34}},"loc":{"start":{"line":18,"column":43},"end":{"line":27,"column":1}},"line":18},"4":{"name":"(anonymous_4)","decl":{"start":{"line":18,"column":43},"end":{"line":18,"column":44}},"loc":{"start":{"line":18,"column":67},"end":{"line":27,"column":1}},"line":18},"5":{"name":"(anonymous_5)","decl":{"start":{"line":22,"column":10},"end":{"line":22,"column":11}},"loc":{"start":{"line":22,"column":17},"end":{"line":26,"column":5}},"line":22}},"branchMap":{},"s":{"0":1,"1":0,"2":1,"3":0,"4":1,"5":0,"6":1,"7":0,"8":0,"9":0,"10":0,"11":0,"12":0},"f":{"0":0,"1":0,"2":0,"3":0,"4":0,"5":0},"b":{},"_coverageSchema":"332fd63041d2c1bcb487cc26dd0d5f7d97098a6c","hash":"aa4ed26990e0d26cf46eef6d63da80a4751ca835"}
,"/Users/Justin/codefellows/401/gourmet-front/GourmetSwap-frontend/src/component/cook-form/cook-form.scss": {"path":"/Users/Justin/codefellows/401/gourmet-front/GourmetSwap-frontend/src/component/cook-form/cook-form.scss","statementMap":{},"fnMap":{},"branchMap":{},"s":{},"f":{},"b":{},"_coverageSchema":"332fd63041d2c1bcb487cc26dd0d5f7d97098a6c","hash":"47802ac454192271d59548f2d9879881ceefd95f"}
,"/Users/Justin/codefellows/401/gourmet-front/GourmetSwap-frontend/src/component/cook-form/index.js": {"path":"/Users/Justin/codefellows/401/gourmet-front/GourmetSwap-frontend/src/component/cook-form/index.js","statementMap":{"0":{"start":{"line":11,"column":4},"end":{"line":11,"column":16}},"1":{"start":{"line":12,"column":4},"end":{"line":24,"column":5}},"2":{"start":{"line":25,"column":4},"end":{"line":25,"column":52}},"3":{"start":{"line":26,"column":4},"end":{"line":26,"column":52}},"4":{"start":{"line":27,"column":4},"end":{"line":27,"column":46}},"5":{"start":{"line":31,"column":4},"end":{"line":33,"column":6}},"6":{"start":{"line":38,"column":23},"end":{"line":38,"column":31}},"7":{"start":{"line":39,"column":4},"end":{"line":39,"column":34}},"8":{"start":{"line":43,"column":4},"end":{"line":43,"column":22}},"9":{"start":{"line":45,"column":23},"end":{"line":45,"column":33}},"10":{"start":{"line":47,"column":17},"end":{"line":47,"column":39}},"11":{"start":{"line":49,"column":4},"end":{"line":55,"column":5}},"12":{"start":{"line":50,"column":6},"end":{"line":54,"column":10}},"13":{"start":{"line":50,"column":24},"end":{"line":50,"column":51}},"14":{"start":{"line":52,"column":10},"end":{"line":52,"column":43}},"15":{"start":{"line":53,"column":10},"end":{"line":53,"column":32}},"16":{"start":{"line":59,"column":26},"end":{"line":59,"column":36}},"17":{"start":{"line":60,"column":4},"end":{"line":251,"column":5}},"18":{"start":{"line":255,"column":31},"end":{"line":256,"column":2}},"19":{"start":{"line":255,"column":43},"end":{"line":256,"column":1}},"20":{"start":{"line":258,"column":34},"end":{"line":260,"column":2}},"21":{"start":{"line":258,"column":49},"end":{"line":260,"column":1}},"22":{"start":{"line":259,"column":31},"end":{"line":259,"column":69}}},"fnMap":{"0":{"name":"(anonymous_0)","decl":{"start":{"line":10,"column":2},"end":{"line":10,"column":3}},"loc":{"start":{"line":10,"column":20},"end":{"line":28,"column":3}},"line":10},"1":{"name":"(anonymous_1)","decl":{"start":{"line":30,"column":2},"end":{"line":30,"column":3}},"loc":{"start":{"line":30,"column":15},"end":{"line":35,"column":3}},"line":30},"2":{"name":"(anonymous_2)","decl":{"start":{"line":37,"column":2},"end":{"line":37,"column":3}},"loc":{"start":{"line":37,"column":17},"end":{"line":40,"column":3}},"line":37},"3":{"name":"(anonymous_3)","decl":{"start":{"line":42,"column":2},"end":{"line":42,"column":3}},"loc":{"start":{"line":42,"column":17},"end":{"line":56,"column":3}},"line":42},"4":{"name":"(anonymous_4)","decl":{"start":{"line":50,"column":18},"end":{"line":50,"column":19}},"loc":{"start":{"line":50,"column":24},"end":{"line":50,"column":51}},"line":50},"5":{"name":"(anonymous_5)","decl":{"start":{"line":51,"column":15},"end":{"line":51,"column":16}},"loc":{"start":{"line":51,"column":24},"end":{"line":54,"column":9}},"line":51},"6":{"name":"(anonymous_6)","decl":{"start":{"line":58,"column":2},"end":{"line":58,"column":3}},"loc":{"start":{"line":58,"column":10},"end":{"line":252,"column":3}},"line":58},"7":{"name":"(anonymous_7)","decl":{"start":{"line":255,"column":31},"end":{"line":255,"column":32}},"loc":{"start":{"line":255,"column":43},"end":{"line":256,"column":1}},"line":255},"8":{"name":"(anonymous_8)","decl":{"start":{"line":258,"column":34},"end":{"line":258,"column":35}},"loc":{"start":{"line":258,"column":49},"end":{"line":260,"column":1}},"line":258},"9":{"name":"(anonymous_9)","decl":{"start":{"line":259,"column":21},"end":{"line":259,"column":22}},"loc":{"start":{"line":259,"column":31},"end":{"line":259,"column":69}},"line":259}},"branchMap":{"0":{"loc":{"start":{"line":49,"column":4},"end":{"line":55,"column":5}},"type":"if","locations":[{"start":{"line":49,"column":4},"end":{"line":55,"column":5}},{"start":{"line":49,"column":4},"end":{"line":55,"column":5}}],"line":49}},"s":{"0":0,"1":0,"2":0,"3":0,"4":0,"5":0,"6":0,"7":0,"8":0,"9":0,"10":0,"11":0,"12":0,"13":0,"14":0,"15":0,"16":0,"17":0,"18":1,"19":0,"20":1,"21":0,"22":0},"f":{"0":0,"1":0,"2":0,"3":0,"4":0,"5":0,"6":0,"7":0,"8":0,"9":0},"b":{"0":[0,0]},"_coverageSchema":"332fd63041d2c1bcb487cc26dd0d5f7d97098a6c","hash":"b4cc6fec166812242c27d4157059cb9433bcab95"}
,"/Users/Justin/codefellows/401/gourmet-front/GourmetSwap-frontend/src/component/meal-form/index.js": {"path":"/Users/Justin/codefellows/401/gourmet-front/GourmetSwap-frontend/src/component/meal-form/index.js","statementMap":{"0":{"start":{"line":14,"column":4},"end":{"line":14,"column":16}},"1":{"start":{"line":15,"column":4},"end":{"line":30,"column":5}},"2":{"start":{"line":31,"column":4},"end":{"line":31,"column":27}},"3":{"start":{"line":32,"column":4},"end":{"line":32,"column":52}},"4":{"start":{"line":33,"column":4},"end":{"line":33,"column":52}},"5":{"start":{"line":34,"column":4},"end":{"line":34,"column":46}},"6":{"start":{"line":35,"column":4},"end":{"line":35,"column":50}},"7":{"start":{"line":36,"column":4},"end":{"line":36,"column":48}},"8":{"start":{"line":40,"column":4},"end":{"line":42,"column":6}},"9":{"start":{"line":43,"column":4},"end":{"line":43,"column":61}},"10":{"start":{"line":46,"column":4},"end":{"line":48,"column":6}},"11":{"start":{"line":49,"column":4},"end":{"line":49,"column":65}},"12":{"start":{"line":53,"column":39},"end":{"line":53,"column":47}},"13":{"start":{"line":55,"column":4},"end":{"line":57,"column":5}},"14":{"start":{"line":56,"column":6},"end":{"line":56,"column":44}},"15":{"start":{"line":58,"column":4},"end":{"line":60,"column":5}},"16":{"start":{"line":59,"column":6},"end":{"line":59,"column":50}},"17":{"start":{"line":61,"column":4},"end":{"line":63,"column":5}},"18":{"start":{"line":62,"column":6},"end":{"line":62,"column":47}},"19":{"start":{"line":64,"column":4},"end":{"line":66,"column":5}},"20":{"start":{"line":65,"column":6},"end":{"line":65,"column":50}},"21":{"start":{"line":67,"column":4},"end":{"line":69,"column":5}},"22":{"start":{"line":68,"column":6},"end":{"line":68,"column":44}},"23":{"start":{"line":70,"column":4},"end":{"line":72,"column":5}},"24":{"start":{"line":71,"column":6},"end":{"line":71,"column":47}},"25":{"start":{"line":73,"column":4},"end":{"line":80,"column":5}},"26":{"start":{"line":74,"column":20},"end":{"line":74,"column":28}},"27":{"start":{"line":75,"column":18},"end":{"line":75,"column":26}},"28":{"start":{"line":76,"column":6},"end":{"line":76,"column":28}},"29":{"start":{"line":77,"column":6},"end":{"line":79,"column":29}},"30":{"start":{"line":78,"column":25},"end":{"line":78,"column":49}},"31":{"start":{"line":84,"column":4},"end":{"line":84,"column":28}},"32":{"start":{"line":85,"column":4},"end":{"line":85,"column":32}},"33":{"start":{"line":89,"column":4},"end":{"line":89,"column":22}},"34":{"start":{"line":90,"column":23},"end":{"line":90,"column":33}},"35":{"start":{"line":91,"column":17},"end":{"line":91,"column":39}},"36":{"start":{"line":92,"column":4},"end":{"line":98,"column":5}},"37":{"start":{"line":93,"column":6},"end":{"line":97,"column":10}},"38":{"start":{"line":93,"column":24},"end":{"line":93,"column":51}},"39":{"start":{"line":95,"column":10},"end":{"line":95,"column":43}},"40":{"start":{"line":96,"column":10},"end":{"line":96,"column":32}},"41":{"start":{"line":101,"column":28},"end":{"line":101,"column":38}},"42":{"start":{"line":102,"column":30},"end":{"line":102,"column":40}},"43":{"start":{"line":103,"column":4},"end":{"line":192,"column":5}}},"fnMap":{"0":{"name":"(anonymous_0)","decl":{"start":{"line":13,"column":2},"end":{"line":13,"column":3}},"loc":{"start":{"line":13,"column":20},"end":{"line":37,"column":3}},"line":13},"1":{"name":"(anonymous_1)","decl":{"start":{"line":39,"column":2},"end":{"line":39,"column":3}},"loc":{"start":{"line":39,"column":15},"end":{"line":44,"column":3}},"line":39},"2":{"name":"(anonymous_2)","decl":{"start":{"line":45,"column":2},"end":{"line":45,"column":3}},"loc":{"start":{"line":45,"column":17},"end":{"line":50,"column":3}},"line":45},"3":{"name":"(anonymous_3)","decl":{"start":{"line":51,"column":2},"end":{"line":51,"column":3}},"loc":{"start":{"line":51,"column":17},"end":{"line":81,"column":3}},"line":51},"4":{"name":"(anonymous_4)","decl":{"start":{"line":78,"column":14},"end":{"line":78,"column":15}},"loc":{"start":{"line":78,"column":25},"end":{"line":78,"column":49}},"line":78},"5":{"name":"(anonymous_5)","decl":{"start":{"line":83,"column":2},"end":{"line":83,"column":3}},"loc":{"start":{"line":83,"column":16},"end":{"line":86,"column":3}},"line":83},"6":{"name":"(anonymous_6)","decl":{"start":{"line":88,"column":2},"end":{"line":88,"column":3}},"loc":{"start":{"line":88,"column":17},"end":{"line":99,"column":3}},"line":88},"7":{"name":"(anonymous_7)","decl":{"start":{"line":93,"column":18},"end":{"line":93,"column":19}},"loc":{"start":{"line":93,"column":24},"end":{"line":93,"column":51}},"line":93},"8":{"name":"(anonymous_8)","decl":{"start":{"line":94,"column":15},"end":{"line":94,"column":16}},"loc":{"start":{"line":94,"column":24},"end":{"line":97,"column":9}},"line":94},"9":{"name":"(anonymous_9)","decl":{"start":{"line":100,"column":2},"end":{"line":100,"column":3}},"loc":{"start":{"line":100,"column":10},"end":{"line":193,"column":3}},"line":100}},"branchMap":{"0":{"loc":{"start":{"line":55,"column":4},"end":{"line":57,"column":5}},"type":"if","locations":[{"start":{"line":55,"column":4},"end":{"line":57,"column":5}},{"start":{"line":55,"column":4},"end":{"line":57,"column":5}}],"line":55},"1":{"loc":{"start":{"line":58,"column":4},"end":{"line":60,"column":5}},"type":"if","locations":[{"start":{"line":58,"column":4},"end":{"line":60,"column":5}},{"start":{"line":58,"column":4},"end":{"line":60,"column":5}}],"line":58},"2":{"loc":{"start":{"line":61,"column":4},"end":{"line":63,"column":5}},"type":"if","locations":[{"start":{"line":61,"column":4},"end":{"line":63,"column":5}},{"start":{"line":61,"column":4},"end":{"line":63,"column":5}}],"line":61},"3":{"loc":{"start":{"line":64,"column":4},"end":{"line":66,"column":5}},"type":"if","locations":[{"start":{"line":64,"column":4},"end":{"line":66,"column":5}},{"start":{"line":64,"column":4},"end":{"line":66,"column":5}}],"line":64},"4":{"loc":{"start":{"line":67,"column":4},"end":{"line":69,"column":5}},"type":"if","locations":[{"start":{"line":67,"column":4},"end":{"line":69,"column":5}},{"start":{"line":67,"column":4},"end":{"line":69,"column":5}}],"line":67},"5":{"loc":{"start":{"line":70,"column":4},"end":{"line":72,"column":5}},"type":"if","locations":[{"start":{"line":70,"column":4},"end":{"line":72,"column":5}},{"start":{"line":70,"column":4},"end":{"line":72,"column":5}}],"line":70},"6":{"loc":{"start":{"line":73,"column":4},"end":{"line":80,"column":5}},"type":"if","locations":[{"start":{"line":73,"column":4},"end":{"line":80,"column":5}},{"start":{"line":73,"column":4},"end":{"line":80,"column":5}}],"line":73},"7":{"loc":{"start":{"line":92,"column":4},"end":{"line":98,"column":5}},"type":"if","locations":[{"start":{"line":92,"column":4},"end":{"line":98,"column":5}},{"start":{"line":92,"column":4},"end":{"line":98,"column":5}}],"line":92}},"s":{"0":6,"1":6,"2":6,"3":6,"4":6,"5":6,"6":6,"7":6,"8":0,"9":0,"10":0,"11":0,"12":3,"13":3,"14":1,"15":3,"16":1,"17":3,"18":0,"19":3,"20":0,"21":3,"22":1,"23":3,"24":0,"25":3,"26":0,"27":0,"28":0,"29":0,"30":0,"31":0,"32":0,"33":1,"34":1,"35":1,"36":1,"37":1,"38":1,"39":0,"40":0,"41":11,"42":11,"43":11},"f":{"0":6,"1":0,"2":0,"3":3,"4":0,"5":0,"6":1,"7":1,"8":0,"9":11},"b":{"0":[1,2],"1":[1,2],"2":[0,3],"3":[0,3],"4":[1,2],"5":[0,3],"6":[0,3],"7":[1,0]},"_coverageSchema":"332fd63041d2c1bcb487cc26dd0d5f7d97098a6c","hash":"968e11b7d917c5b06e8e00caf0638f5d2385154a"}
,"/Users/Justin/codefellows/401/gourmet-front/GourmetSwap-frontend/src/lib/util.js": {"path":"/Users/Justin/codefellows/401/gourmet-front/GourmetSwap-frontend/src/lib/util.js","statementMap":{"0":{"start":{"line":1,"column":24},"end":{"line":1,"column":73}},"1":{"start":{"line":1,"column":45},"end":{"line":1,"column":73}},"2":{"start":{"line":3,"column":28},"end":{"line":4,"column":62}},"3":{"start":{"line":4,"column":2},"end":{"line":4,"column":62}},"4":{"start":{"line":4,"column":37},"end":{"line":4,"column":51}},"5":{"start":{"line":6,"column":19},"end":{"line":7,"column":46}},"6":{"start":{"line":7,"column":2},"end":{"line":7,"column":46}},"7":{"start":{"line":9,"column":24},"end":{"line":10,"column":48}},"8":{"start":{"line":10,"column":2},"end":{"line":10,"column":48}},"9":{"start":{"line":12,"column":26},"end":{"line":17,"column":1}},"10":{"start":{"line":13,"column":15},"end":{"line":13,"column":25}},"11":{"start":{"line":14,"column":27},"end":{"line":14,"column":35}},"12":{"start":{"line":15,"column":2},"end":{"line":15,"column":64}},"13":{"start":{"line":16,"column":2},"end":{"line":16,"column":29}},"14":{"start":{"line":19,"column":28},"end":{"line":22,"column":1}},"15":{"start":{"line":20,"column":16},"end":{"line":20,"column":51}},"16":{"start":{"line":21,"column":2},"end":{"line":21,"column":58}},"17":{"start":{"line":24,"column":27},"end":{"line":31,"column":1}},"18":{"start":{"line":25,"column":16},"end":{"line":29,"column":7}},"19":{"start":{"line":27,"column":25},"end":{"line":27,"column":42}},"20":{"start":{"line":28,"column":6},"end":{"line":28,"column":34}},"21":{"start":{"line":30,"column":2},"end":{"line":30,"column":21}},"22":{"start":{"line":33,"column":28},"end":{"line":35,"column":1}},"23":{"start":{"line":34,"column":2},"end":{"line":34,"column":68}},"24":{"start":{"line":37,"column":30},"end":{"line":50,"column":1}},"25":{"start":{"line":38,"column":2},"end":{"line":49,"column":4}},"26":{"start":{"line":39,"column":17},"end":{"line":39,"column":33}},"27":{"start":{"line":40,"column":4},"end":{"line":42,"column":6}},"28":{"start":{"line":41,"column":6},"end":{"line":41,"column":28}},"29":{"start":{"line":43,"column":4},"end":{"line":45,"column":6}},"30":{"start":{"line":44,"column":6},"end":{"line":44,"column":26}},"31":{"start":{"line":46,"column":4},"end":{"line":47,"column":39}},"32":{"start":{"line":47,"column":6},"end":{"line":47,"column":39}},"33":{"start":{"line":48,"column":4},"end":{"line":48,"column":58}}},"fnMap":{"0":{"name":"(anonymous_0)","decl":{"start":{"line":1,"column":24},"end":{"line":1,"column":25}},"loc":{"start":{"line":1,"column":45},"end":{"line":1,"column":73}},"line":1},"1":{"name":"(anonymous_1)","decl":{"start":{"line":3,"column":28},"end":{"line":3,"column":29}},"loc":{"start":{"line":4,"column":2},"end":{"line":4,"column":62}},"line":4},"2":{"name":"(anonymous_2)","decl":{"start":{"line":4,"column":30},"end":{"line":4,"column":31}},"loc":{"start":{"line":4,"column":37},"end":{"line":4,"column":51}},"line":4},"3":{"name":"(anonymous_3)","decl":{"start":{"line":6,"column":19},"end":{"line":6,"column":20}},"loc":{"start":{"line":7,"column":2},"end":{"line":7,"column":46}},"line":7},"4":{"name":"(anonymous_4)","decl":{"start":{"line":9,"column":24},"end":{"line":9,"column":25}},"loc":{"start":{"line":10,"column":2},"end":{"line":10,"column":48}},"line":10},"5":{"name":"(anonymous_5)","decl":{"start":{"line":12,"column":26},"end":{"line":12,"column":27}},"loc":{"start":{"line":12,"column":36},"end":{"line":17,"column":1}},"line":12},"6":{"name":"(anonymous_6)","decl":{"start":{"line":19,"column":28},"end":{"line":19,"column":29}},"loc":{"start":{"line":19,"column":51},"end":{"line":22,"column":1}},"line":19},"7":{"name":"(anonymous_7)","decl":{"start":{"line":24,"column":27},"end":{"line":24,"column":28}},"loc":{"start":{"line":24,"column":36},"end":{"line":31,"column":1}},"line":24},"8":{"name":"(anonymous_8)","decl":{"start":{"line":26,"column":9},"end":{"line":26,"column":10}},"loc":{"start":{"line":26,"column":19},"end":{"line":29,"column":5}},"line":26},"9":{"name":"(anonymous_9)","decl":{"start":{"line":33,"column":28},"end":{"line":33,"column":29}},"loc":{"start":{"line":33,"column":37},"end":{"line":35,"column":1}},"line":33},"10":{"name":"(anonymous_10)","decl":{"start":{"line":37,"column":30},"end":{"line":37,"column":31}},"loc":{"start":{"line":37,"column":40},"end":{"line":50,"column":1}},"line":37},"11":{"name":"(anonymous_11)","decl":{"start":{"line":38,"column":21},"end":{"line":38,"column":22}},"loc":{"start":{"line":38,"column":42},"end":{"line":49,"column":3}},"line":38},"12":{"name":"(anonymous_12)","decl":{"start":{"line":40,"column":36},"end":{"line":40,"column":37}},"loc":{"start":{"line":40,"column":42},"end":{"line":42,"column":5}},"line":40},"13":{"name":"(anonymous_13)","decl":{"start":{"line":43,"column":37},"end":{"line":43,"column":38}},"loc":{"start":{"line":43,"column":43},"end":{"line":45,"column":5}},"line":43}},"branchMap":{"0":{"loc":{"start":{"line":1,"column":45},"end":{"line":1,"column":73}},"type":"cond-expr","locations":[{"start":{"line":1,"column":52},"end":{"line":1,"column":61}},{"start":{"line":1,"column":64},"end":{"line":1,"column":73}}],"line":1},"1":{"loc":{"start":{"line":7,"column":2},"end":{"line":7,"column":46}},"type":"cond-expr","locations":[{"start":{"line":7,"column":14},"end":{"line":7,"column":34}},{"start":{"line":7,"column":37},"end":{"line":7,"column":46}}],"line":7},"2":{"loc":{"start":{"line":10,"column":2},"end":{"line":10,"column":48}},"type":"cond-expr","locations":[{"start":{"line":10,"column":14},"end":{"line":10,"column":36}},{"start":{"line":10,"column":39},"end":{"line":10,"column":48}}],"line":10},"3":{"loc":{"start":{"line":20,"column":16},"end":{"line":20,"column":51}},"type":"cond-expr","locations":[{"start":{"line":20,"column":23},"end":{"line":20,"column":46}},{"start":{"line":20,"column":49},"end":{"line":20,"column":51}}],"line":20},"4":{"loc":{"start":{"line":46,"column":4},"end":{"line":47,"column":39}},"type":"if","locations":[{"start":{"line":46,"column":4},"end":{"line":47,"column":39}},{"start":{"line":46,"column":4},"end":{"line":47,"column":39}}],"line":46}},"s":{"0":2,"1":0,"2":2,"3":0,"4":0,"5":2,"6":0,"7":2,"8":0,"9":2,"10":0,"11":0,"12":0,"13":0,"14":2,"15":0,"16":0,"17":2,"18":0,"19":0,"20":0,"21":0,"22":2,"23":0,"24":2,"25":0,"26":0,"27":0,"28":0,"29":0,"30":0,"31":0,"32":0,"33":0},"f":{"0":0,"1":0,"2":0,"3":0,"4":0,"5":0,"6":0,"7":0,"8":0,"9":0,"10":0,"11":0,"12":0,"13":0},"b":{"0":[0,0],"1":[0,0],"2":[0,0],"3":[0,0],"4":[0,0]},"_coverageSchema":"332fd63041d2c1bcb487cc26dd0d5f7d97098a6c","hash":"f2e27d4eda388bdb39c6cae95aa70c4567088fcf"}
}
